15:28:37.426 [main] WARN  o.hibernate.ejb.HibernatePersistence - HHH015016: Encountered a deprecated javax.persistence.spi.PersistenceProvider [org.hibernate.ejb.HibernatePersistence]; use [org.hibernate.jpa.HibernatePersistenceProvider] instead.
20:03:12.017 [main] WARN  o.hibernate.ejb.HibernatePersistence - HHH015016: Encountered a deprecated javax.persistence.spi.PersistenceProvider [org.hibernate.ejb.HibernatePersistence]; use [org.hibernate.jpa.HibernatePersistenceProvider] instead.
20:03:13.987 [main] WARN  o.e.j.u.component.AbstractLifeCycle - FAILED SelectChannelConnector@0.0.0.0:8080: java.net.BindException: Address already in use: bind
java.net.BindException: Address already in use: bind
	at sun.nio.ch.Net.bind(Native Method) ~[na:1.6.0_23]
	at sun.nio.ch.ServerSocketChannelImpl.bind(ServerSocketChannelImpl.java:126) ~[na:1.6.0_23]
	at sun.nio.ch.ServerSocketAdaptor.bind(ServerSocketAdaptor.java:59) ~[na:1.6.0_23]
	at org.eclipse.jetty.server.nio.SelectChannelConnector.open(SelectChannelConnector.java:187) ~[jetty-webapp-7.6.14.v20131031.jar:7.6.14.v20131031]
	at org.eclipse.jetty.server.AbstractConnector.doStart(AbstractConnector.java:316) ~[jetty-webapp-7.6.14.v20131031.jar:7.6.14.v20131031]
	at org.eclipse.jetty.server.nio.SelectChannelConnector.doStart(SelectChannelConnector.java:265) ~[jetty-webapp-7.6.14.v20131031.jar:7.6.14.v20131031]
	at org.eclipse.jetty.util.component.AbstractLifeCycle.start(AbstractLifeCycle.java:64) [jetty-webapp-7.6.14.v20131031.jar:7.6.14.v20131031]
	at org.eclipse.jetty.server.Server.doStart(Server.java:292) [jetty-webapp-7.6.14.v20131031.jar:7.6.14.v20131031]
	at org.eclipse.jetty.util.component.AbstractLifeCycle.start(AbstractLifeCycle.java:64) [jetty-webapp-7.6.14.v20131031.jar:7.6.14.v20131031]
	at org.springside.examples.quickstart.QuickStartServer.main(QuickStartServer.java:33) [test-classes/:na]
20:03:13.989 [main] WARN  o.e.j.u.component.AbstractLifeCycle - FAILED org.eclipse.jetty.server.Server@1cda7e7: java.net.BindException: Address already in use: bind
java.net.BindException: Address already in use: bind
	at sun.nio.ch.Net.bind(Native Method) ~[na:1.6.0_23]
	at sun.nio.ch.ServerSocketChannelImpl.bind(ServerSocketChannelImpl.java:126) ~[na:1.6.0_23]
	at sun.nio.ch.ServerSocketAdaptor.bind(ServerSocketAdaptor.java:59) ~[na:1.6.0_23]
	at org.eclipse.jetty.server.nio.SelectChannelConnector.open(SelectChannelConnector.java:187) ~[jetty-webapp-7.6.14.v20131031.jar:7.6.14.v20131031]
	at org.eclipse.jetty.server.AbstractConnector.doStart(AbstractConnector.java:316) ~[jetty-webapp-7.6.14.v20131031.jar:7.6.14.v20131031]
	at org.eclipse.jetty.server.nio.SelectChannelConnector.doStart(SelectChannelConnector.java:265) ~[jetty-webapp-7.6.14.v20131031.jar:7.6.14.v20131031]
	at org.eclipse.jetty.util.component.AbstractLifeCycle.start(AbstractLifeCycle.java:64) ~[jetty-webapp-7.6.14.v20131031.jar:7.6.14.v20131031]
	at org.eclipse.jetty.server.Server.doStart(Server.java:292) ~[jetty-webapp-7.6.14.v20131031.jar:7.6.14.v20131031]
	at org.eclipse.jetty.util.component.AbstractLifeCycle.start(AbstractLifeCycle.java:64) ~[jetty-webapp-7.6.14.v20131031.jar:7.6.14.v20131031]
	at org.springside.examples.quickstart.QuickStartServer.main(QuickStartServer.java:33) [test-classes/:na]
20:04:06.036 [main] WARN  o.hibernate.ejb.HibernatePersistence - HHH015016: Encountered a deprecated javax.persistence.spi.PersistenceProvider [org.hibernate.ejb.HibernatePersistence]; use [org.hibernate.jpa.HibernatePersistenceProvider] instead.
20:04:07.943 [main] WARN  o.e.j.u.component.AbstractLifeCycle - FAILED SelectChannelConnector@0.0.0.0:8080: java.net.BindException: Address already in use: bind
java.net.BindException: Address already in use: bind
	at sun.nio.ch.Net.bind(Native Method) ~[na:1.6.0_23]
	at sun.nio.ch.ServerSocketChannelImpl.bind(ServerSocketChannelImpl.java:126) ~[na:1.6.0_23]
	at sun.nio.ch.ServerSocketAdaptor.bind(ServerSocketAdaptor.java:59) ~[na:1.6.0_23]
	at org.eclipse.jetty.server.nio.SelectChannelConnector.open(SelectChannelConnector.java:187) ~[jetty-webapp-7.6.14.v20131031.jar:7.6.14.v20131031]
	at org.eclipse.jetty.server.AbstractConnector.doStart(AbstractConnector.java:316) ~[jetty-webapp-7.6.14.v20131031.jar:7.6.14.v20131031]
	at org.eclipse.jetty.server.nio.SelectChannelConnector.doStart(SelectChannelConnector.java:265) ~[jetty-webapp-7.6.14.v20131031.jar:7.6.14.v20131031]
	at org.eclipse.jetty.util.component.AbstractLifeCycle.start(AbstractLifeCycle.java:64) [jetty-webapp-7.6.14.v20131031.jar:7.6.14.v20131031]
	at org.eclipse.jetty.server.Server.doStart(Server.java:292) [jetty-webapp-7.6.14.v20131031.jar:7.6.14.v20131031]
	at org.eclipse.jetty.util.component.AbstractLifeCycle.start(AbstractLifeCycle.java:64) [jetty-webapp-7.6.14.v20131031.jar:7.6.14.v20131031]
	at org.springside.examples.quickstart.QuickStartServer.main(QuickStartServer.java:33) [test-classes/:na]
20:04:07.943 [main] WARN  o.e.j.u.component.AbstractLifeCycle - FAILED org.eclipse.jetty.server.Server@13e13c1: java.net.BindException: Address already in use: bind
java.net.BindException: Address already in use: bind
	at sun.nio.ch.Net.bind(Native Method) ~[na:1.6.0_23]
	at sun.nio.ch.ServerSocketChannelImpl.bind(ServerSocketChannelImpl.java:126) ~[na:1.6.0_23]
	at sun.nio.ch.ServerSocketAdaptor.bind(ServerSocketAdaptor.java:59) ~[na:1.6.0_23]
	at org.eclipse.jetty.server.nio.SelectChannelConnector.open(SelectChannelConnector.java:187) ~[jetty-webapp-7.6.14.v20131031.jar:7.6.14.v20131031]
	at org.eclipse.jetty.server.AbstractConnector.doStart(AbstractConnector.java:316) ~[jetty-webapp-7.6.14.v20131031.jar:7.6.14.v20131031]
	at org.eclipse.jetty.server.nio.SelectChannelConnector.doStart(SelectChannelConnector.java:265) ~[jetty-webapp-7.6.14.v20131031.jar:7.6.14.v20131031]
	at org.eclipse.jetty.util.component.AbstractLifeCycle.start(AbstractLifeCycle.java:64) ~[jetty-webapp-7.6.14.v20131031.jar:7.6.14.v20131031]
	at org.eclipse.jetty.server.Server.doStart(Server.java:292) ~[jetty-webapp-7.6.14.v20131031.jar:7.6.14.v20131031]
	at org.eclipse.jetty.util.component.AbstractLifeCycle.start(AbstractLifeCycle.java:64) ~[jetty-webapp-7.6.14.v20131031.jar:7.6.14.v20131031]
	at org.springside.examples.quickstart.QuickStartServer.main(QuickStartServer.java:33) [test-classes/:na]
20:23:03.423 [main] WARN  o.hibernate.ejb.HibernatePersistence - HHH015016: Encountered a deprecated javax.persistence.spi.PersistenceProvider [org.hibernate.ejb.HibernatePersistence]; use [org.hibernate.jpa.HibernatePersistenceProvider] instead.
20:23:05.584 [main] WARN  o.e.j.u.component.AbstractLifeCycle - FAILED SelectChannelConnector@0.0.0.0:8080: java.net.BindException: Address already in use: bind
java.net.BindException: Address already in use: bind
	at sun.nio.ch.Net.bind(Native Method) ~[na:1.6.0_23]
	at sun.nio.ch.ServerSocketChannelImpl.bind(ServerSocketChannelImpl.java:126) ~[na:1.6.0_23]
	at sun.nio.ch.ServerSocketAdaptor.bind(ServerSocketAdaptor.java:59) ~[na:1.6.0_23]
	at org.eclipse.jetty.server.nio.SelectChannelConnector.open(SelectChannelConnector.java:187) ~[jetty-webapp-7.6.14.v20131031.jar:7.6.14.v20131031]
	at org.eclipse.jetty.server.AbstractConnector.doStart(AbstractConnector.java:316) ~[jetty-webapp-7.6.14.v20131031.jar:7.6.14.v20131031]
	at org.eclipse.jetty.server.nio.SelectChannelConnector.doStart(SelectChannelConnector.java:265) ~[jetty-webapp-7.6.14.v20131031.jar:7.6.14.v20131031]
	at org.eclipse.jetty.util.component.AbstractLifeCycle.start(AbstractLifeCycle.java:64) [jetty-webapp-7.6.14.v20131031.jar:7.6.14.v20131031]
	at org.eclipse.jetty.server.Server.doStart(Server.java:292) [jetty-webapp-7.6.14.v20131031.jar:7.6.14.v20131031]
	at org.eclipse.jetty.util.component.AbstractLifeCycle.start(AbstractLifeCycle.java:64) [jetty-webapp-7.6.14.v20131031.jar:7.6.14.v20131031]
	at org.springside.examples.quickstart.QuickStartServer.main(QuickStartServer.java:33) [test-classes/:na]
20:23:05.584 [main] WARN  o.e.j.u.component.AbstractLifeCycle - FAILED org.eclipse.jetty.server.Server@ca548b: java.net.BindException: Address already in use: bind
java.net.BindException: Address already in use: bind
	at sun.nio.ch.Net.bind(Native Method) ~[na:1.6.0_23]
	at sun.nio.ch.ServerSocketChannelImpl.bind(ServerSocketChannelImpl.java:126) ~[na:1.6.0_23]
	at sun.nio.ch.ServerSocketAdaptor.bind(ServerSocketAdaptor.java:59) ~[na:1.6.0_23]
	at org.eclipse.jetty.server.nio.SelectChannelConnector.open(SelectChannelConnector.java:187) ~[jetty-webapp-7.6.14.v20131031.jar:7.6.14.v20131031]
	at org.eclipse.jetty.server.AbstractConnector.doStart(AbstractConnector.java:316) ~[jetty-webapp-7.6.14.v20131031.jar:7.6.14.v20131031]
	at org.eclipse.jetty.server.nio.SelectChannelConnector.doStart(SelectChannelConnector.java:265) ~[jetty-webapp-7.6.14.v20131031.jar:7.6.14.v20131031]
	at org.eclipse.jetty.util.component.AbstractLifeCycle.start(AbstractLifeCycle.java:64) ~[jetty-webapp-7.6.14.v20131031.jar:7.6.14.v20131031]
	at org.eclipse.jetty.server.Server.doStart(Server.java:292) ~[jetty-webapp-7.6.14.v20131031.jar:7.6.14.v20131031]
	at org.eclipse.jetty.util.component.AbstractLifeCycle.start(AbstractLifeCycle.java:64) ~[jetty-webapp-7.6.14.v20131031.jar:7.6.14.v20131031]
	at org.springside.examples.quickstart.QuickStartServer.main(QuickStartServer.java:33) [test-classes/:na]
