15:27:25.044 [qtp471035-21] WARN  o.h.e.jdbc.spi.SqlExceptionHelper - SQL Error: 1054, SQLState: 42S22
15:27:25.066 [qtp471035-21] ERROR o.h.e.jdbc.spi.SqlExceptionHelper - Unknown column 'recordsres0_.customer_id' in 'field list'
15:27:25.081 [qtp471035-21] ERROR 500.jsp - could not extract ResultSet; SQL [n/a]; nested exception is org.hibernate.exception.SQLGrammarException: could not extract ResultSet
org.springframework.dao.InvalidDataAccessResourceUsageException: could not extract ResultSet; SQL [n/a]; nested exception is org.hibernate.exception.SQLGrammarException: could not extract ResultSet
	at org.springframework.orm.jpa.vendor.HibernateJpaDialect.convertHibernateAccessException(HibernateJpaDialect.java:171) ~[spring-orm-4.0.0.RELEASE.jar:4.0.0.RELEASE]
	at org.springframework.orm.jpa.vendor.HibernateJpaDialect.translateExceptionIfPossible(HibernateJpaDialect.java:154) ~[spring-orm-4.0.0.RELEASE.jar:4.0.0.RELEASE]
	at org.springframework.orm.jpa.AbstractEntityManagerFactoryBean.translateExceptionIfPossible(AbstractEntityManagerFactoryBean.java:417) ~[spring-orm-4.0.0.RELEASE.jar:4.0.0.RELEASE]
	at org.springframework.dao.support.ChainedPersistenceExceptionTranslator.translateExceptionIfPossible(ChainedPersistenceExceptionTranslator.java:59) ~[spring-tx-4.0.0.RELEASE.jar:4.0.0.RELEASE]
	at org.springframework.dao.support.DataAccessUtils.translateIfNecessary(DataAccessUtils.java:213) ~[spring-tx-4.0.0.RELEASE.jar:4.0.0.RELEASE]
	at org.springframework.dao.support.PersistenceExceptionTranslationInterceptor.invoke(PersistenceExceptionTranslationInterceptor.java:147) ~[spring-tx-4.0.0.RELEASE.jar:4.0.0.RELEASE]
	at org.springframework.aop.framework.ReflectiveMethodInvocation.proceed(ReflectiveMethodInvocation.java:179) ~[spring-aop-4.0.0.RELEASE.jar:4.0.0.RELEASE]
	at org.springframework.data.jpa.repository.support.LockModeRepositoryPostProcessor$LockModePopulatingMethodIntercceptor.invoke(LockModeRepositoryPostProcessor.java:92) ~[spring-data-jpa-1.4.2.RELEASE.jar:na]
	at org.springframework.aop.framework.ReflectiveMethodInvocation.proceed(ReflectiveMethodInvocation.java:179) ~[spring-aop-4.0.0.RELEASE.jar:4.0.0.RELEASE]
	at org.springframework.aop.interceptor.ExposeInvocationInterceptor.invoke(ExposeInvocationInterceptor.java:92) ~[spring-aop-4.0.0.RELEASE.jar:4.0.0.RELEASE]
	at org.springframework.aop.framework.ReflectiveMethodInvocation.proceed(ReflectiveMethodInvocation.java:179) ~[spring-aop-4.0.0.RELEASE.jar:4.0.0.RELEASE]
	at org.springframework.aop.framework.JdkDynamicAopProxy.invoke(JdkDynamicAopProxy.java:207) ~[spring-aop-4.0.0.RELEASE.jar:4.0.0.RELEASE]
	at $Proxy50.getUndiagnoseByDocid(Unknown Source) ~[na:na]
	at org.springside.examples.quickstart.service.record.RecordsResultService.getUndiagnoseByDocid(RecordsResultService.java:20) ~[classes/:na]
	at org.springside.examples.quickstart.service.record.RecordsResultService$$FastClassByCGLIB$$c1f31046.invoke(<generated>) ~[spring-core-4.0.0.RELEASE.jar:na]
	at org.springframework.cglib.proxy.MethodProxy.invoke(MethodProxy.java:204) ~[spring-core-4.0.0.RELEASE.jar:4.0.0.RELEASE]
	at org.springframework.aop.framework.CglibAopProxy$CglibMethodInvocation.invokeJoinpoint(CglibAopProxy.java:713) ~[spring-aop-4.0.0.RELEASE.jar:4.0.0.RELEASE]
	at org.springframework.aop.framework.ReflectiveMethodInvocation.proceed(ReflectiveMethodInvocation.java:157) ~[spring-aop-4.0.0.RELEASE.jar:4.0.0.RELEASE]
	at org.springframework.transaction.interceptor.TransactionInterceptor$1.proceedWithInvocation(TransactionInterceptor.java:98) ~[spring-tx-4.0.0.RELEASE.jar:4.0.0.RELEASE]
	at org.springframework.transaction.interceptor.TransactionAspectSupport.invokeWithinTransaction(TransactionAspectSupport.java:262) ~[spring-tx-4.0.0.RELEASE.jar:4.0.0.RELEASE]
	at org.springframework.transaction.interceptor.TransactionInterceptor.invoke(TransactionInterceptor.java:95) ~[spring-tx-4.0.0.RELEASE.jar:4.0.0.RELEASE]
	at org.springframework.aop.framework.ReflectiveMethodInvocation.proceed(ReflectiveMethodInvocation.java:179) ~[spring-aop-4.0.0.RELEASE.jar:4.0.0.RELEASE]
	at org.springframework.aop.framework.CglibAopProxy$DynamicAdvisedInterceptor.intercept(CglibAopProxy.java:646) ~[spring-aop-4.0.0.RELEASE.jar:4.0.0.RELEASE]
	at org.springside.examples.quickstart.service.record.RecordsResultService$$EnhancerByCGLIB$$6e271fe0.getUndiagnoseByDocid(<generated>) ~[spring-core-4.0.0.RELEASE.jar:na]
	at org.springside.examples.quickstart.web.doctor.DoctorController.showList(DoctorController.java:51) ~[classes/:na]
	at sun.reflect.NativeMethodAccessorImpl.invoke0(Native Method) ~[na:1.6.0_23]
	at sun.reflect.NativeMethodAccessorImpl.invoke(NativeMethodAccessorImpl.java:39) ~[na:1.6.0_23]
	at sun.reflect.DelegatingMethodAccessorImpl.invoke(DelegatingMethodAccessorImpl.java:25) ~[na:1.6.0_23]
	at java.lang.reflect.Method.invoke(Method.java:597) ~[na:1.6.0_23]
	at org.springframework.web.method.support.InvocableHandlerMethod.invoke(InvocableHandlerMethod.java:214) ~[spring-web-4.0.0.RELEASE.jar:4.0.0.RELEASE]
	at org.springframework.web.method.support.InvocableHandlerMethod.invokeForRequest(InvocableHandlerMethod.java:132) ~[spring-web-4.0.0.RELEASE.jar:4.0.0.RELEASE]
	at org.springframework.web.servlet.mvc.method.annotation.ServletInvocableHandlerMethod.invokeAndHandle(ServletInvocableHandlerMethod.java:104) ~[spring-webmvc-4.0.0.RELEASE.jar:4.0.0.RELEASE]
	at org.springframework.web.servlet.mvc.method.annotation.RequestMappingHandlerAdapter.invokeHandleMethod(RequestMappingHandlerAdapter.java:748) ~[spring-webmvc-4.0.0.RELEASE.jar:4.0.0.RELEASE]
	at org.springframework.web.servlet.mvc.method.annotation.RequestMappingHandlerAdapter.handleInternal(RequestMappingHandlerAdapter.java:689) ~[spring-webmvc-4.0.0.RELEASE.jar:4.0.0.RELEASE]
	at org.springframework.web.servlet.mvc.method.AbstractHandlerMethodAdapter.handle(AbstractHandlerMethodAdapter.java:83) ~[spring-webmvc-4.0.0.RELEASE.jar:4.0.0.RELEASE]
	at org.springframework.web.servlet.DispatcherServlet.doDispatch(DispatcherServlet.java:945) [spring-webmvc-4.0.0.RELEASE.jar:4.0.0.RELEASE]
	at org.springframework.web.servlet.DispatcherServlet.doService(DispatcherServlet.java:876) [spring-webmvc-4.0.0.RELEASE.jar:4.0.0.RELEASE]
	at org.springframework.web.servlet.FrameworkServlet.processRequest(FrameworkServlet.java:931) [spring-webmvc-4.0.0.RELEASE.jar:4.0.0.RELEASE]
	at org.springframework.web.servlet.FrameworkServlet.doGet(FrameworkServlet.java:822) [spring-webmvc-4.0.0.RELEASE.jar:4.0.0.RELEASE]
	at javax.servlet.http.HttpServlet.service(HttpServlet.java:668) [javax.servlet-api-3.0.1.jar:3.0.1]
	at org.springframework.web.servlet.FrameworkServlet.service(FrameworkServlet.java:807) [spring-webmvc-4.0.0.RELEASE.jar:4.0.0.RELEASE]
	at javax.servlet.http.HttpServlet.service(HttpServlet.java:770) [javax.servlet-api-3.0.1.jar:3.0.1]
	at org.eclipse.jetty.servlet.ServletHolder.handle(ServletHolder.java:652) [jetty-webapp-7.6.14.v20131031.jar:7.6.14.v20131031]
	at org.eclipse.jetty.servlet.ServletHandler$CachedChain.doFilter(ServletHandler.java:1317) [jetty-webapp-7.6.14.v20131031.jar:7.6.14.v20131031]
	at com.opensymphony.sitemesh.webapp.SiteMeshFilter.obtainContent(SiteMeshFilter.java:129) [sitemesh-2.4.2.jar:na]
	at com.opensymphony.sitemesh.webapp.SiteMeshFilter.doFilter(SiteMeshFilter.java:77) [sitemesh-2.4.2.jar:na]
	at org.eclipse.jetty.servlet.ServletHandler$CachedChain.doFilter(ServletHandler.java:1288) [jetty-webapp-7.6.14.v20131031.jar:7.6.14.v20131031]
	at org.apache.shiro.web.servlet.ProxiedFilterChain.doFilter(ProxiedFilterChain.java:61) [shiro-web-1.2.2.jar:1.2.2]
	at org.apache.shiro.web.servlet.AdviceFilter.executeChain(AdviceFilter.java:108) [shiro-web-1.2.2.jar:1.2.2]
	at org.apache.shiro.web.servlet.AdviceFilter.doFilterInternal(AdviceFilter.java:137) [shiro-web-1.2.2.jar:1.2.2]
	at org.apache.shiro.web.servlet.OncePerRequestFilter.doFilter(OncePerRequestFilter.java:125) [shiro-web-1.2.2.jar:1.2.2]
	at org.apache.shiro.web.servlet.ProxiedFilterChain.doFilter(ProxiedFilterChain.java:66) [shiro-web-1.2.2.jar:1.2.2]
	at org.apache.shiro.web.servlet.AbstractShiroFilter.executeChain(AbstractShiroFilter.java:449) [shiro-web-1.2.2.jar:1.2.2]
	at org.apache.shiro.web.servlet.AbstractShiroFilter$1.call(AbstractShiroFilter.java:365) [shiro-web-1.2.2.jar:1.2.2]
	at org.apache.shiro.subject.support.SubjectCallable.doCall(SubjectCallable.java:90) [shiro-core-1.2.2.jar:1.2.2]
	at org.apache.shiro.subject.support.SubjectCallable.call(SubjectCallable.java:83) [shiro-core-1.2.2.jar:1.2.2]
	at org.apache.shiro.subject.support.DelegatingSubject.execute(DelegatingSubject.java:383) [shiro-core-1.2.2.jar:1.2.2]
	at org.apache.shiro.web.servlet.AbstractShiroFilter.doFilterInternal(AbstractShiroFilter.java:362) [shiro-web-1.2.2.jar:1.2.2]
	at org.apache.shiro.web.servlet.OncePerRequestFilter.doFilter(OncePerRequestFilter.java:125) [shiro-web-1.2.2.jar:1.2.2]
	at org.springframework.web.filter.DelegatingFilterProxy.invokeDelegate(DelegatingFilterProxy.java:344) [spring-web-4.0.0.RELEASE.jar:4.0.0.RELEASE]
	at org.springframework.web.filter.DelegatingFilterProxy.doFilter(DelegatingFilterProxy.java:261) [spring-web-4.0.0.RELEASE.jar:4.0.0.RELEASE]
	at org.eclipse.jetty.servlet.ServletHandler$CachedChain.doFilter(ServletHandler.java:1288) [jetty-webapp-7.6.14.v20131031.jar:7.6.14.v20131031]
	at org.springframework.orm.jpa.support.OpenEntityManagerInViewFilter.doFilterInternal(OpenEntityManagerInViewFilter.java:177) [spring-orm-4.0.0.RELEASE.jar:4.0.0.RELEASE]
	at org.springframework.web.filter.OncePerRequestFilter.doFilter(OncePerRequestFilter.java:108) [spring-web-4.0.0.RELEASE.jar:4.0.0.RELEASE]
	at org.eclipse.jetty.servlet.ServletHandler$CachedChain.doFilter(ServletHandler.java:1288) [jetty-webapp-7.6.14.v20131031.jar:7.6.14.v20131031]
	at org.springframework.web.filter.CharacterEncodingFilter.doFilterInternal(CharacterEncodingFilter.java:88) [spring-web-4.0.0.RELEASE.jar:4.0.0.RELEASE]
	at org.springframework.web.filter.OncePerRequestFilter.doFilter(OncePerRequestFilter.java:108) [spring-web-4.0.0.RELEASE.jar:4.0.0.RELEASE]
	at org.eclipse.jetty.servlet.ServletHandler$CachedChain.doFilter(ServletHandler.java:1288) [jetty-webapp-7.6.14.v20131031.jar:7.6.14.v20131031]
	at org.eclipse.jetty.servlet.ServletHandler.doHandle(ServletHandler.java:443) [jetty-webapp-7.6.14.v20131031.jar:7.6.14.v20131031]
	at org.eclipse.jetty.server.handler.ScopedHandler.handle(ScopedHandler.java:137) [jetty-webapp-7.6.14.v20131031.jar:7.6.14.v20131031]
	at org.eclipse.jetty.security.SecurityHandler.handle(SecurityHandler.java:556) [jetty-webapp-7.6.14.v20131031.jar:7.6.14.v20131031]
	at org.eclipse.jetty.server.session.SessionHandler.doHandle(SessionHandler.java:227) [jetty-webapp-7.6.14.v20131031.jar:7.6.14.v20131031]
	at org.eclipse.jetty.server.handler.ContextHandler.doHandle(ContextHandler.java:1044) [jetty-webapp-7.6.14.v20131031.jar:7.6.14.v20131031]
	at org.eclipse.jetty.servlet.ServletHandler.doScope(ServletHandler.java:372) [jetty-webapp-7.6.14.v20131031.jar:7.6.14.v20131031]
	at org.eclipse.jetty.server.session.SessionHandler.doScope(SessionHandler.java:189) [jetty-webapp-7.6.14.v20131031.jar:7.6.14.v20131031]
	at org.eclipse.jetty.server.handler.ContextHandler.doScope(ContextHandler.java:978) [jetty-webapp-7.6.14.v20131031.jar:7.6.14.v20131031]
	at org.eclipse.jetty.server.handler.ScopedHandler.handle(ScopedHandler.java:135) [jetty-webapp-7.6.14.v20131031.jar:7.6.14.v20131031]
	at org.eclipse.jetty.server.handler.HandlerWrapper.handle(HandlerWrapper.java:116) [jetty-webapp-7.6.14.v20131031.jar:7.6.14.v20131031]
	at org.eclipse.jetty.server.Server.handle(Server.java:369) [jetty-webapp-7.6.14.v20131031.jar:7.6.14.v20131031]
	at org.eclipse.jetty.server.AbstractHttpConnection.handleRequest(AbstractHttpConnection.java:486) [jetty-webapp-7.6.14.v20131031.jar:7.6.14.v20131031]
	at org.eclipse.jetty.server.AbstractHttpConnection.headerComplete(AbstractHttpConnection.java:933) [jetty-webapp-7.6.14.v20131031.jar:7.6.14.v20131031]
	at org.eclipse.jetty.server.AbstractHttpConnection$RequestHandler.headerComplete(AbstractHttpConnection.java:995) [jetty-webapp-7.6.14.v20131031.jar:7.6.14.v20131031]
	at org.eclipse.jetty.http.HttpParser.parseNext(HttpParser.java:644) [jetty-webapp-7.6.14.v20131031.jar:7.6.14.v20131031]
	at org.eclipse.jetty.http.HttpParser.parseAvailable(HttpParser.java:235) [jetty-webapp-7.6.14.v20131031.jar:7.6.14.v20131031]
	at org.eclipse.jetty.server.AsyncHttpConnection.handle(AsyncHttpConnection.java:82) [jetty-webapp-7.6.14.v20131031.jar:7.6.14.v20131031]
	at org.eclipse.jetty.io.nio.SelectChannelEndPoint.handle(SelectChannelEndPoint.java:667) [jetty-webapp-7.6.14.v20131031.jar:7.6.14.v20131031]
	at org.eclipse.jetty.io.nio.SelectChannelEndPoint$1.run(SelectChannelEndPoint.java:52) [jetty-webapp-7.6.14.v20131031.jar:7.6.14.v20131031]
	at org.eclipse.jetty.util.thread.QueuedThreadPool.runJob(QueuedThreadPool.java:608) [jetty-webapp-7.6.14.v20131031.jar:7.6.14.v20131031]
	at org.eclipse.jetty.util.thread.QueuedThreadPool$3.run(QueuedThreadPool.java:543) [jetty-webapp-7.6.14.v20131031.jar:7.6.14.v20131031]
	at java.lang.Thread.run(Thread.java:662) [na:1.6.0_23]
Caused by: org.hibernate.exception.SQLGrammarException: could not extract ResultSet
	at org.hibernate.exception.internal.SQLExceptionTypeDelegate.convert(SQLExceptionTypeDelegate.java:80) ~[hibernate-core-4.3.1.Final.jar:4.3.1.Final]
	at org.hibernate.exception.internal.StandardSQLExceptionConverter.convert(StandardSQLExceptionConverter.java:49) ~[hibernate-core-4.3.1.Final.jar:4.3.1.Final]
	at org.hibernate.engine.jdbc.spi.SqlExceptionHelper.convert(SqlExceptionHelper.java:126) ~[hibernate-core-4.3.1.Final.jar:4.3.1.Final]
	at org.hibernate.engine.jdbc.spi.SqlExceptionHelper.convert(SqlExceptionHelper.java:112) ~[hibernate-core-4.3.1.Final.jar:4.3.1.Final]
	at org.hibernate.engine.jdbc.internal.ResultSetReturnImpl.extract(ResultSetReturnImpl.java:89) ~[hibernate-core-4.3.1.Final.jar:4.3.1.Final]
	at org.hibernate.loader.Loader.getResultSet(Loader.java:2065) ~[hibernate-core-4.3.1.Final.jar:4.3.1.Final]
	at org.hibernate.loader.Loader.executeQueryStatement(Loader.java:1862) ~[hibernate-core-4.3.1.Final.jar:4.3.1.Final]
	at org.hibernate.loader.Loader.executeQueryStatement(Loader.java:1838) ~[hibernate-core-4.3.1.Final.jar:4.3.1.Final]
	at org.hibernate.loader.Loader.doQuery(Loader.java:909) ~[hibernate-core-4.3.1.Final.jar:4.3.1.Final]
	at org.hibernate.loader.Loader.doQueryAndInitializeNonLazyCollections(Loader.java:354) ~[hibernate-core-4.3.1.Final.jar:4.3.1.Final]
	at org.hibernate.loader.Loader.doList(Loader.java:2551) ~[hibernate-core-4.3.1.Final.jar:4.3.1.Final]
	at org.hibernate.loader.Loader.doList(Loader.java:2537) ~[hibernate-core-4.3.1.Final.jar:4.3.1.Final]
	at org.hibernate.loader.Loader.listIgnoreQueryCache(Loader.java:2367) ~[hibernate-core-4.3.1.Final.jar:4.3.1.Final]
	at org.hibernate.loader.Loader.list(Loader.java:2362) ~[hibernate-core-4.3.1.Final.jar:4.3.1.Final]
	at org.hibernate.loader.hql.QueryLoader.list(QueryLoader.java:496) ~[hibernate-core-4.3.1.Final.jar:4.3.1.Final]
	at org.hibernate.hql.internal.ast.QueryTranslatorImpl.list(QueryTranslatorImpl.java:387) ~[hibernate-core-4.3.1.Final.jar:4.3.1.Final]
	at org.hibernate.engine.query.spi.HQLQueryPlan.performList(HQLQueryPlan.java:229) ~[hibernate-core-4.3.1.Final.jar:4.3.1.Final]
	at org.hibernate.internal.SessionImpl.list(SessionImpl.java:1260) ~[hibernate-core-4.3.1.Final.jar:4.3.1.Final]
	at org.hibernate.internal.QueryImpl.list(QueryImpl.java:103) ~[hibernate-core-4.3.1.Final.jar:4.3.1.Final]
	at org.hibernate.jpa.internal.QueryImpl.list(QueryImpl.java:573) ~[hibernate-entitymanager-4.3.1.Final.jar:4.3.1.Final]
	at org.hibernate.jpa.internal.QueryImpl.getResultList(QueryImpl.java:449) ~[hibernate-entitymanager-4.3.1.Final.jar:4.3.1.Final]
	at org.springframework.data.jpa.repository.query.JpaQueryExecution$CollectionExecution.doExecute(JpaQueryExecution.java:96) ~[spring-data-jpa-1.4.2.RELEASE.jar:na]
	at org.springframework.data.jpa.repository.query.JpaQueryExecution.execute(JpaQueryExecution.java:61) ~[spring-data-jpa-1.4.2.RELEASE.jar:na]
	at org.springframework.data.jpa.repository.query.AbstractJpaQuery.doExecute(AbstractJpaQuery.java:95) ~[spring-data-jpa-1.4.2.RELEASE.jar:na]
	at org.springframework.data.jpa.repository.query.AbstractJpaQuery.execute(AbstractJpaQuery.java:85) ~[spring-data-jpa-1.4.2.RELEASE.jar:na]
	at org.springframework.data.repository.core.support.RepositoryFactorySupport$QueryExecutorMethodInterceptor.invoke(RepositoryFactorySupport.java:323) ~[spring-data-commons-1.6.2.RELEASE.jar:na]
	at org.springframework.aop.framework.ReflectiveMethodInvocation.proceed(ReflectiveMethodInvocation.java:179) ~[spring-aop-4.0.0.RELEASE.jar:4.0.0.RELEASE]
	at org.springframework.transaction.interceptor.TransactionInterceptor$1.proceedWithInvocation(TransactionInterceptor.java:98) ~[spring-tx-4.0.0.RELEASE.jar:4.0.0.RELEASE]
	at org.springframework.transaction.interceptor.TransactionAspectSupport.invokeWithinTransaction(TransactionAspectSupport.java:262) ~[spring-tx-4.0.0.RELEASE.jar:4.0.0.RELEASE]
	at org.springframework.transaction.interceptor.TransactionInterceptor.invoke(TransactionInterceptor.java:95) ~[spring-tx-4.0.0.RELEASE.jar:4.0.0.RELEASE]
	at org.springframework.aop.framework.ReflectiveMethodInvocation.proceed(ReflectiveMethodInvocation.java:179) ~[spring-aop-4.0.0.RELEASE.jar:4.0.0.RELEASE]
	at org.springframework.dao.support.PersistenceExceptionTranslationInterceptor.invoke(PersistenceExceptionTranslationInterceptor.java:136) ~[spring-tx-4.0.0.RELEASE.jar:4.0.0.RELEASE]
	... 84 common frames omitted
Caused by: com.mysql.jdbc.exceptions.jdbc4.MySQLSyntaxErrorException: Unknown column 'recordsres0_.customer_id' in 'field list'
	at sun.reflect.NativeConstructorAccessorImpl.newInstance0(Native Method) ~[na:1.6.0_23]
	at sun.reflect.NativeConstructorAccessorImpl.newInstance(NativeConstructorAccessorImpl.java:39) ~[na:1.6.0_23]
	at sun.reflect.DelegatingConstructorAccessorImpl.newInstance(DelegatingConstructorAccessorImpl.java:27) ~[na:1.6.0_23]
	at java.lang.reflect.Constructor.newInstance(Constructor.java:513) ~[na:1.6.0_23]
	at com.mysql.jdbc.Util.handleNewInstance(Util.java:411) ~[mysql-connector-java-5.1.22.jar:na]
	at com.mysql.jdbc.Util.getInstance(Util.java:386) ~[mysql-connector-java-5.1.22.jar:na]
	at com.mysql.jdbc.SQLError.createSQLException(SQLError.java:1053) ~[mysql-connector-java-5.1.22.jar:na]
	at com.mysql.jdbc.MysqlIO.checkErrorPacket(MysqlIO.java:4096) ~[mysql-connector-java-5.1.22.jar:na]
	at com.mysql.jdbc.MysqlIO.checkErrorPacket(MysqlIO.java:4028) ~[mysql-connector-java-5.1.22.jar:na]
	at com.mysql.jdbc.MysqlIO.sendCommand(MysqlIO.java:2490) ~[mysql-connector-java-5.1.22.jar:na]
	at com.mysql.jdbc.MysqlIO.sqlQueryDirect(MysqlIO.java:2651) ~[mysql-connector-java-5.1.22.jar:na]
	at com.mysql.jdbc.ConnectionImpl.execSQL(ConnectionImpl.java:2734) ~[mysql-connector-java-5.1.22.jar:na]
	at com.mysql.jdbc.PreparedStatement.executeInternal(PreparedStatement.java:2155) ~[mysql-connector-java-5.1.22.jar:na]
	at com.mysql.jdbc.PreparedStatement.executeQuery(PreparedStatement.java:2322) ~[mysql-connector-java-5.1.22.jar:na]
	at org.hibernate.engine.jdbc.internal.ResultSetReturnImpl.extract(ResultSetReturnImpl.java:80) ~[hibernate-core-4.3.1.Final.jar:4.3.1.Final]
	... 111 common frames omitted
15:27:26.977 [qtp471035-18] WARN  o.h.e.jdbc.spi.SqlExceptionHelper - SQL Error: 1054, SQLState: 42S22
15:27:26.978 [qtp471035-18] ERROR o.h.e.jdbc.spi.SqlExceptionHelper - Unknown column 'recordsres0_.customer_id' in 'field list'
15:27:26.983 [qtp471035-18] ERROR 500.jsp - could not extract ResultSet; SQL [n/a]; nested exception is org.hibernate.exception.SQLGrammarException: could not extract ResultSet
org.springframework.dao.InvalidDataAccessResourceUsageException: could not extract ResultSet; SQL [n/a]; nested exception is org.hibernate.exception.SQLGrammarException: could not extract ResultSet
	at org.springframework.orm.jpa.vendor.HibernateJpaDialect.convertHibernateAccessException(HibernateJpaDialect.java:171) ~[spring-orm-4.0.0.RELEASE.jar:4.0.0.RELEASE]
	at org.springframework.orm.jpa.vendor.HibernateJpaDialect.translateExceptionIfPossible(HibernateJpaDialect.java:154) ~[spring-orm-4.0.0.RELEASE.jar:4.0.0.RELEASE]
	at org.springframework.orm.jpa.AbstractEntityManagerFactoryBean.translateExceptionIfPossible(AbstractEntityManagerFactoryBean.java:417) ~[spring-orm-4.0.0.RELEASE.jar:4.0.0.RELEASE]
	at org.springframework.dao.support.ChainedPersistenceExceptionTranslator.translateExceptionIfPossible(ChainedPersistenceExceptionTranslator.java:59) ~[spring-tx-4.0.0.RELEASE.jar:4.0.0.RELEASE]
	at org.springframework.dao.support.DataAccessUtils.translateIfNecessary(DataAccessUtils.java:213) ~[spring-tx-4.0.0.RELEASE.jar:4.0.0.RELEASE]
	at org.springframework.dao.support.PersistenceExceptionTranslationInterceptor.invoke(PersistenceExceptionTranslationInterceptor.java:147) ~[spring-tx-4.0.0.RELEASE.jar:4.0.0.RELEASE]
	at org.springframework.aop.framework.ReflectiveMethodInvocation.proceed(ReflectiveMethodInvocation.java:179) ~[spring-aop-4.0.0.RELEASE.jar:4.0.0.RELEASE]
	at org.springframework.data.jpa.repository.support.LockModeRepositoryPostProcessor$LockModePopulatingMethodIntercceptor.invoke(LockModeRepositoryPostProcessor.java:92) ~[spring-data-jpa-1.4.2.RELEASE.jar:na]
	at org.springframework.aop.framework.ReflectiveMethodInvocation.proceed(ReflectiveMethodInvocation.java:179) ~[spring-aop-4.0.0.RELEASE.jar:4.0.0.RELEASE]
	at org.springframework.aop.interceptor.ExposeInvocationInterceptor.invoke(ExposeInvocationInterceptor.java:92) ~[spring-aop-4.0.0.RELEASE.jar:4.0.0.RELEASE]
	at org.springframework.aop.framework.ReflectiveMethodInvocation.proceed(ReflectiveMethodInvocation.java:179) ~[spring-aop-4.0.0.RELEASE.jar:4.0.0.RELEASE]
	at org.springframework.aop.framework.JdkDynamicAopProxy.invoke(JdkDynamicAopProxy.java:207) ~[spring-aop-4.0.0.RELEASE.jar:4.0.0.RELEASE]
	at $Proxy50.getUndiagnoseByDocid(Unknown Source) ~[na:na]
	at org.springside.examples.quickstart.service.record.RecordsResultService.getUndiagnoseByDocid(RecordsResultService.java:20) ~[classes/:na]
	at org.springside.examples.quickstart.service.record.RecordsResultService$$FastClassByCGLIB$$c1f31046.invoke(<generated>) ~[spring-core-4.0.0.RELEASE.jar:na]
	at org.springframework.cglib.proxy.MethodProxy.invoke(MethodProxy.java:204) ~[spring-core-4.0.0.RELEASE.jar:4.0.0.RELEASE]
	at org.springframework.aop.framework.CglibAopProxy$CglibMethodInvocation.invokeJoinpoint(CglibAopProxy.java:713) ~[spring-aop-4.0.0.RELEASE.jar:4.0.0.RELEASE]
	at org.springframework.aop.framework.ReflectiveMethodInvocation.proceed(ReflectiveMethodInvocation.java:157) ~[spring-aop-4.0.0.RELEASE.jar:4.0.0.RELEASE]
	at org.springframework.transaction.interceptor.TransactionInterceptor$1.proceedWithInvocation(TransactionInterceptor.java:98) ~[spring-tx-4.0.0.RELEASE.jar:4.0.0.RELEASE]
	at org.springframework.transaction.interceptor.TransactionAspectSupport.invokeWithinTransaction(TransactionAspectSupport.java:262) ~[spring-tx-4.0.0.RELEASE.jar:4.0.0.RELEASE]
	at org.springframework.transaction.interceptor.TransactionInterceptor.invoke(TransactionInterceptor.java:95) ~[spring-tx-4.0.0.RELEASE.jar:4.0.0.RELEASE]
	at org.springframework.aop.framework.ReflectiveMethodInvocation.proceed(ReflectiveMethodInvocation.java:179) ~[spring-aop-4.0.0.RELEASE.jar:4.0.0.RELEASE]
	at org.springframework.aop.framework.CglibAopProxy$DynamicAdvisedInterceptor.intercept(CglibAopProxy.java:646) ~[spring-aop-4.0.0.RELEASE.jar:4.0.0.RELEASE]
	at org.springside.examples.quickstart.service.record.RecordsResultService$$EnhancerByCGLIB$$6e271fe0.getUndiagnoseByDocid(<generated>) ~[spring-core-4.0.0.RELEASE.jar:na]
	at org.springside.examples.quickstart.web.doctor.DoctorController.showRecord(DoctorController.java:60) ~[classes/:na]
	at sun.reflect.NativeMethodAccessorImpl.invoke0(Native Method) ~[na:1.6.0_23]
	at sun.reflect.NativeMethodAccessorImpl.invoke(NativeMethodAccessorImpl.java:39) ~[na:1.6.0_23]
	at sun.reflect.DelegatingMethodAccessorImpl.invoke(DelegatingMethodAccessorImpl.java:25) ~[na:1.6.0_23]
	at java.lang.reflect.Method.invoke(Method.java:597) ~[na:1.6.0_23]
	at org.springframework.web.method.support.InvocableHandlerMethod.invoke(InvocableHandlerMethod.java:214) ~[spring-web-4.0.0.RELEASE.jar:4.0.0.RELEASE]
	at org.springframework.web.method.support.InvocableHandlerMethod.invokeForRequest(InvocableHandlerMethod.java:132) ~[spring-web-4.0.0.RELEASE.jar:4.0.0.RELEASE]
	at org.springframework.web.servlet.mvc.method.annotation.ServletInvocableHandlerMethod.invokeAndHandle(ServletInvocableHandlerMethod.java:104) ~[spring-webmvc-4.0.0.RELEASE.jar:4.0.0.RELEASE]
	at org.springframework.web.servlet.mvc.method.annotation.RequestMappingHandlerAdapter.invokeHandleMethod(RequestMappingHandlerAdapter.java:748) ~[spring-webmvc-4.0.0.RELEASE.jar:4.0.0.RELEASE]
	at org.springframework.web.servlet.mvc.method.annotation.RequestMappingHandlerAdapter.handleInternal(RequestMappingHandlerAdapter.java:689) ~[spring-webmvc-4.0.0.RELEASE.jar:4.0.0.RELEASE]
	at org.springframework.web.servlet.mvc.method.AbstractHandlerMethodAdapter.handle(AbstractHandlerMethodAdapter.java:83) ~[spring-webmvc-4.0.0.RELEASE.jar:4.0.0.RELEASE]
	at org.springframework.web.servlet.DispatcherServlet.doDispatch(DispatcherServlet.java:945) [spring-webmvc-4.0.0.RELEASE.jar:4.0.0.RELEASE]
	at org.springframework.web.servlet.DispatcherServlet.doService(DispatcherServlet.java:876) [spring-webmvc-4.0.0.RELEASE.jar:4.0.0.RELEASE]
	at org.springframework.web.servlet.FrameworkServlet.processRequest(FrameworkServlet.java:931) [spring-webmvc-4.0.0.RELEASE.jar:4.0.0.RELEASE]
	at org.springframework.web.servlet.FrameworkServlet.doGet(FrameworkServlet.java:822) [spring-webmvc-4.0.0.RELEASE.jar:4.0.0.RELEASE]
	at javax.servlet.http.HttpServlet.service(HttpServlet.java:668) [javax.servlet-api-3.0.1.jar:3.0.1]
	at org.springframework.web.servlet.FrameworkServlet.service(FrameworkServlet.java:807) [spring-webmvc-4.0.0.RELEASE.jar:4.0.0.RELEASE]
	at javax.servlet.http.HttpServlet.service(HttpServlet.java:770) [javax.servlet-api-3.0.1.jar:3.0.1]
	at org.eclipse.jetty.servlet.ServletHolder.handle(ServletHolder.java:652) [jetty-webapp-7.6.14.v20131031.jar:7.6.14.v20131031]
	at org.eclipse.jetty.servlet.ServletHandler$CachedChain.doFilter(ServletHandler.java:1317) [jetty-webapp-7.6.14.v20131031.jar:7.6.14.v20131031]
	at com.opensymphony.sitemesh.webapp.SiteMeshFilter.obtainContent(SiteMeshFilter.java:129) [sitemesh-2.4.2.jar:na]
	at com.opensymphony.sitemesh.webapp.SiteMeshFilter.doFilter(SiteMeshFilter.java:77) [sitemesh-2.4.2.jar:na]
	at org.eclipse.jetty.servlet.ServletHandler$CachedChain.doFilter(ServletHandler.java:1288) [jetty-webapp-7.6.14.v20131031.jar:7.6.14.v20131031]
	at org.apache.shiro.web.servlet.ProxiedFilterChain.doFilter(ProxiedFilterChain.java:61) [shiro-web-1.2.2.jar:1.2.2]
	at org.apache.shiro.web.servlet.AdviceFilter.executeChain(AdviceFilter.java:108) [shiro-web-1.2.2.jar:1.2.2]
	at org.apache.shiro.web.servlet.AdviceFilter.doFilterInternal(AdviceFilter.java:137) [shiro-web-1.2.2.jar:1.2.2]
	at org.apache.shiro.web.servlet.OncePerRequestFilter.doFilter(OncePerRequestFilter.java:125) [shiro-web-1.2.2.jar:1.2.2]
	at org.apache.shiro.web.servlet.ProxiedFilterChain.doFilter(ProxiedFilterChain.java:66) [shiro-web-1.2.2.jar:1.2.2]
	at org.apache.shiro.web.servlet.AbstractShiroFilter.executeChain(AbstractShiroFilter.java:449) [shiro-web-1.2.2.jar:1.2.2]
	at org.apache.shiro.web.servlet.AbstractShiroFilter$1.call(AbstractShiroFilter.java:365) [shiro-web-1.2.2.jar:1.2.2]
	at org.apache.shiro.subject.support.SubjectCallable.doCall(SubjectCallable.java:90) [shiro-core-1.2.2.jar:1.2.2]
	at org.apache.shiro.subject.support.SubjectCallable.call(SubjectCallable.java:83) [shiro-core-1.2.2.jar:1.2.2]
	at org.apache.shiro.subject.support.DelegatingSubject.execute(DelegatingSubject.java:383) [shiro-core-1.2.2.jar:1.2.2]
	at org.apache.shiro.web.servlet.AbstractShiroFilter.doFilterInternal(AbstractShiroFilter.java:362) [shiro-web-1.2.2.jar:1.2.2]
	at org.apache.shiro.web.servlet.OncePerRequestFilter.doFilter(OncePerRequestFilter.java:125) [shiro-web-1.2.2.jar:1.2.2]
	at org.springframework.web.filter.DelegatingFilterProxy.invokeDelegate(DelegatingFilterProxy.java:344) [spring-web-4.0.0.RELEASE.jar:4.0.0.RELEASE]
	at org.springframework.web.filter.DelegatingFilterProxy.doFilter(DelegatingFilterProxy.java:261) [spring-web-4.0.0.RELEASE.jar:4.0.0.RELEASE]
	at org.eclipse.jetty.servlet.ServletHandler$CachedChain.doFilter(ServletHandler.java:1288) [jetty-webapp-7.6.14.v20131031.jar:7.6.14.v20131031]
	at org.springframework.orm.jpa.support.OpenEntityManagerInViewFilter.doFilterInternal(OpenEntityManagerInViewFilter.java:177) [spring-orm-4.0.0.RELEASE.jar:4.0.0.RELEASE]
	at org.springframework.web.filter.OncePerRequestFilter.doFilter(OncePerRequestFilter.java:108) [spring-web-4.0.0.RELEASE.jar:4.0.0.RELEASE]
	at org.eclipse.jetty.servlet.ServletHandler$CachedChain.doFilter(ServletHandler.java:1288) [jetty-webapp-7.6.14.v20131031.jar:7.6.14.v20131031]
	at org.springframework.web.filter.CharacterEncodingFilter.doFilterInternal(CharacterEncodingFilter.java:88) [spring-web-4.0.0.RELEASE.jar:4.0.0.RELEASE]
	at org.springframework.web.filter.OncePerRequestFilter.doFilter(OncePerRequestFilter.java:108) [spring-web-4.0.0.RELEASE.jar:4.0.0.RELEASE]
	at org.eclipse.jetty.servlet.ServletHandler$CachedChain.doFilter(ServletHandler.java:1288) [jetty-webapp-7.6.14.v20131031.jar:7.6.14.v20131031]
	at org.eclipse.jetty.servlet.ServletHandler.doHandle(ServletHandler.java:443) [jetty-webapp-7.6.14.v20131031.jar:7.6.14.v20131031]
	at org.eclipse.jetty.server.handler.ScopedHandler.handle(ScopedHandler.java:137) [jetty-webapp-7.6.14.v20131031.jar:7.6.14.v20131031]
	at org.eclipse.jetty.security.SecurityHandler.handle(SecurityHandler.java:556) [jetty-webapp-7.6.14.v20131031.jar:7.6.14.v20131031]
	at org.eclipse.jetty.server.session.SessionHandler.doHandle(SessionHandler.java:227) [jetty-webapp-7.6.14.v20131031.jar:7.6.14.v20131031]
	at org.eclipse.jetty.server.handler.ContextHandler.doHandle(ContextHandler.java:1044) [jetty-webapp-7.6.14.v20131031.jar:7.6.14.v20131031]
	at org.eclipse.jetty.servlet.ServletHandler.doScope(ServletHandler.java:372) [jetty-webapp-7.6.14.v20131031.jar:7.6.14.v20131031]
	at org.eclipse.jetty.server.session.SessionHandler.doScope(SessionHandler.java:189) [jetty-webapp-7.6.14.v20131031.jar:7.6.14.v20131031]
	at org.eclipse.jetty.server.handler.ContextHandler.doScope(ContextHandler.java:978) [jetty-webapp-7.6.14.v20131031.jar:7.6.14.v20131031]
	at org.eclipse.jetty.server.handler.ScopedHandler.handle(ScopedHandler.java:135) [jetty-webapp-7.6.14.v20131031.jar:7.6.14.v20131031]
	at org.eclipse.jetty.server.handler.HandlerWrapper.handle(HandlerWrapper.java:116) [jetty-webapp-7.6.14.v20131031.jar:7.6.14.v20131031]
	at org.eclipse.jetty.server.Server.handle(Server.java:369) [jetty-webapp-7.6.14.v20131031.jar:7.6.14.v20131031]
	at org.eclipse.jetty.server.AbstractHttpConnection.handleRequest(AbstractHttpConnection.java:486) [jetty-webapp-7.6.14.v20131031.jar:7.6.14.v20131031]
	at org.eclipse.jetty.server.AbstractHttpConnection.headerComplete(AbstractHttpConnection.java:933) [jetty-webapp-7.6.14.v20131031.jar:7.6.14.v20131031]
	at org.eclipse.jetty.server.AbstractHttpConnection$RequestHandler.headerComplete(AbstractHttpConnection.java:995) [jetty-webapp-7.6.14.v20131031.jar:7.6.14.v20131031]
	at org.eclipse.jetty.http.HttpParser.parseNext(HttpParser.java:644) [jetty-webapp-7.6.14.v20131031.jar:7.6.14.v20131031]
	at org.eclipse.jetty.http.HttpParser.parseAvailable(HttpParser.java:235) [jetty-webapp-7.6.14.v20131031.jar:7.6.14.v20131031]
	at org.eclipse.jetty.server.AsyncHttpConnection.handle(AsyncHttpConnection.java:82) [jetty-webapp-7.6.14.v20131031.jar:7.6.14.v20131031]
	at org.eclipse.jetty.io.nio.SelectChannelEndPoint.handle(SelectChannelEndPoint.java:667) [jetty-webapp-7.6.14.v20131031.jar:7.6.14.v20131031]
	at org.eclipse.jetty.io.nio.SelectChannelEndPoint$1.run(SelectChannelEndPoint.java:52) [jetty-webapp-7.6.14.v20131031.jar:7.6.14.v20131031]
	at org.eclipse.jetty.util.thread.QueuedThreadPool.runJob(QueuedThreadPool.java:608) [jetty-webapp-7.6.14.v20131031.jar:7.6.14.v20131031]
	at org.eclipse.jetty.util.thread.QueuedThreadPool$3.run(QueuedThreadPool.java:543) [jetty-webapp-7.6.14.v20131031.jar:7.6.14.v20131031]
	at java.lang.Thread.run(Thread.java:662) [na:1.6.0_23]
Caused by: org.hibernate.exception.SQLGrammarException: could not extract ResultSet
	at org.hibernate.exception.internal.SQLExceptionTypeDelegate.convert(SQLExceptionTypeDelegate.java:80) ~[hibernate-core-4.3.1.Final.jar:4.3.1.Final]
	at org.hibernate.exception.internal.StandardSQLExceptionConverter.convert(StandardSQLExceptionConverter.java:49) ~[hibernate-core-4.3.1.Final.jar:4.3.1.Final]
	at org.hibernate.engine.jdbc.spi.SqlExceptionHelper.convert(SqlExceptionHelper.java:126) ~[hibernate-core-4.3.1.Final.jar:4.3.1.Final]
	at org.hibernate.engine.jdbc.spi.SqlExceptionHelper.convert(SqlExceptionHelper.java:112) ~[hibernate-core-4.3.1.Final.jar:4.3.1.Final]
	at org.hibernate.engine.jdbc.internal.ResultSetReturnImpl.extract(ResultSetReturnImpl.java:89) ~[hibernate-core-4.3.1.Final.jar:4.3.1.Final]
	at org.hibernate.loader.Loader.getResultSet(Loader.java:2065) ~[hibernate-core-4.3.1.Final.jar:4.3.1.Final]
	at org.hibernate.loader.Loader.executeQueryStatement(Loader.java:1862) ~[hibernate-core-4.3.1.Final.jar:4.3.1.Final]
	at org.hibernate.loader.Loader.executeQueryStatement(Loader.java:1838) ~[hibernate-core-4.3.1.Final.jar:4.3.1.Final]
	at org.hibernate.loader.Loader.doQuery(Loader.java:909) ~[hibernate-core-4.3.1.Final.jar:4.3.1.Final]
	at org.hibernate.loader.Loader.doQueryAndInitializeNonLazyCollections(Loader.java:354) ~[hibernate-core-4.3.1.Final.jar:4.3.1.Final]
	at org.hibernate.loader.Loader.doList(Loader.java:2551) ~[hibernate-core-4.3.1.Final.jar:4.3.1.Final]
	at org.hibernate.loader.Loader.doList(Loader.java:2537) ~[hibernate-core-4.3.1.Final.jar:4.3.1.Final]
	at org.hibernate.loader.Loader.listIgnoreQueryCache(Loader.java:2367) ~[hibernate-core-4.3.1.Final.jar:4.3.1.Final]
	at org.hibernate.loader.Loader.list(Loader.java:2362) ~[hibernate-core-4.3.1.Final.jar:4.3.1.Final]
	at org.hibernate.loader.hql.QueryLoader.list(QueryLoader.java:496) ~[hibernate-core-4.3.1.Final.jar:4.3.1.Final]
	at org.hibernate.hql.internal.ast.QueryTranslatorImpl.list(QueryTranslatorImpl.java:387) ~[hibernate-core-4.3.1.Final.jar:4.3.1.Final]
	at org.hibernate.engine.query.spi.HQLQueryPlan.performList(HQLQueryPlan.java:229) ~[hibernate-core-4.3.1.Final.jar:4.3.1.Final]
	at org.hibernate.internal.SessionImpl.list(SessionImpl.java:1260) ~[hibernate-core-4.3.1.Final.jar:4.3.1.Final]
	at org.hibernate.internal.QueryImpl.list(QueryImpl.java:103) ~[hibernate-core-4.3.1.Final.jar:4.3.1.Final]
	at org.hibernate.jpa.internal.QueryImpl.list(QueryImpl.java:573) ~[hibernate-entitymanager-4.3.1.Final.jar:4.3.1.Final]
	at org.hibernate.jpa.internal.QueryImpl.getResultList(QueryImpl.java:449) ~[hibernate-entitymanager-4.3.1.Final.jar:4.3.1.Final]
	at org.springframework.data.jpa.repository.query.JpaQueryExecution$CollectionExecution.doExecute(JpaQueryExecution.java:96) ~[spring-data-jpa-1.4.2.RELEASE.jar:na]
	at org.springframework.data.jpa.repository.query.JpaQueryExecution.execute(JpaQueryExecution.java:61) ~[spring-data-jpa-1.4.2.RELEASE.jar:na]
	at org.springframework.data.jpa.repository.query.AbstractJpaQuery.doExecute(AbstractJpaQuery.java:95) ~[spring-data-jpa-1.4.2.RELEASE.jar:na]
	at org.springframework.data.jpa.repository.query.AbstractJpaQuery.execute(AbstractJpaQuery.java:85) ~[spring-data-jpa-1.4.2.RELEASE.jar:na]
	at org.springframework.data.repository.core.support.RepositoryFactorySupport$QueryExecutorMethodInterceptor.invoke(RepositoryFactorySupport.java:323) ~[spring-data-commons-1.6.2.RELEASE.jar:na]
	at org.springframework.aop.framework.ReflectiveMethodInvocation.proceed(ReflectiveMethodInvocation.java:179) ~[spring-aop-4.0.0.RELEASE.jar:4.0.0.RELEASE]
	at org.springframework.transaction.interceptor.TransactionInterceptor$1.proceedWithInvocation(TransactionInterceptor.java:98) ~[spring-tx-4.0.0.RELEASE.jar:4.0.0.RELEASE]
	at org.springframework.transaction.interceptor.TransactionAspectSupport.invokeWithinTransaction(TransactionAspectSupport.java:262) ~[spring-tx-4.0.0.RELEASE.jar:4.0.0.RELEASE]
	at org.springframework.transaction.interceptor.TransactionInterceptor.invoke(TransactionInterceptor.java:95) ~[spring-tx-4.0.0.RELEASE.jar:4.0.0.RELEASE]
	at org.springframework.aop.framework.ReflectiveMethodInvocation.proceed(ReflectiveMethodInvocation.java:179) ~[spring-aop-4.0.0.RELEASE.jar:4.0.0.RELEASE]
	at org.springframework.dao.support.PersistenceExceptionTranslationInterceptor.invoke(PersistenceExceptionTranslationInterceptor.java:136) ~[spring-tx-4.0.0.RELEASE.jar:4.0.0.RELEASE]
	... 84 common frames omitted
Caused by: com.mysql.jdbc.exceptions.jdbc4.MySQLSyntaxErrorException: Unknown column 'recordsres0_.customer_id' in 'field list'
	at sun.reflect.NativeConstructorAccessorImpl.newInstance0(Native Method) ~[na:1.6.0_23]
	at sun.reflect.NativeConstructorAccessorImpl.newInstance(NativeConstructorAccessorImpl.java:39) ~[na:1.6.0_23]
	at sun.reflect.DelegatingConstructorAccessorImpl.newInstance(DelegatingConstructorAccessorImpl.java:27) ~[na:1.6.0_23]
	at java.lang.reflect.Constructor.newInstance(Constructor.java:513) ~[na:1.6.0_23]
	at com.mysql.jdbc.Util.handleNewInstance(Util.java:411) ~[mysql-connector-java-5.1.22.jar:na]
	at com.mysql.jdbc.Util.getInstance(Util.java:386) ~[mysql-connector-java-5.1.22.jar:na]
	at com.mysql.jdbc.SQLError.createSQLException(SQLError.java:1053) ~[mysql-connector-java-5.1.22.jar:na]
	at com.mysql.jdbc.MysqlIO.checkErrorPacket(MysqlIO.java:4096) ~[mysql-connector-java-5.1.22.jar:na]
	at com.mysql.jdbc.MysqlIO.checkErrorPacket(MysqlIO.java:4028) ~[mysql-connector-java-5.1.22.jar:na]
	at com.mysql.jdbc.MysqlIO.sendCommand(MysqlIO.java:2490) ~[mysql-connector-java-5.1.22.jar:na]
	at com.mysql.jdbc.MysqlIO.sqlQueryDirect(MysqlIO.java:2651) ~[mysql-connector-java-5.1.22.jar:na]
	at com.mysql.jdbc.ConnectionImpl.execSQL(ConnectionImpl.java:2734) ~[mysql-connector-java-5.1.22.jar:na]
	at com.mysql.jdbc.PreparedStatement.executeInternal(PreparedStatement.java:2155) ~[mysql-connector-java-5.1.22.jar:na]
	at com.mysql.jdbc.PreparedStatement.executeQuery(PreparedStatement.java:2322) ~[mysql-connector-java-5.1.22.jar:na]
	at org.hibernate.engine.jdbc.internal.ResultSetReturnImpl.extract(ResultSetReturnImpl.java:80) ~[hibernate-core-4.3.1.Final.jar:4.3.1.Final]
	... 111 common frames omitted
15:28:13.503 [qtp471035-21] WARN  o.h.e.jdbc.spi.SqlExceptionHelper - SQL Error: 1054, SQLState: 42S22
15:28:13.504 [qtp471035-21] ERROR o.h.e.jdbc.spi.SqlExceptionHelper - Unknown column 'recordsres0_.customer_id' in 'field list'
15:28:13.507 [qtp471035-21] ERROR 500.jsp - could not extract ResultSet; SQL [n/a]; nested exception is org.hibernate.exception.SQLGrammarException: could not extract ResultSet
org.springframework.dao.InvalidDataAccessResourceUsageException: could not extract ResultSet; SQL [n/a]; nested exception is org.hibernate.exception.SQLGrammarException: could not extract ResultSet
	at org.springframework.orm.jpa.vendor.HibernateJpaDialect.convertHibernateAccessException(HibernateJpaDialect.java:171) ~[spring-orm-4.0.0.RELEASE.jar:4.0.0.RELEASE]
	at org.springframework.orm.jpa.vendor.HibernateJpaDialect.translateExceptionIfPossible(HibernateJpaDialect.java:154) ~[spring-orm-4.0.0.RELEASE.jar:4.0.0.RELEASE]
	at org.springframework.orm.jpa.AbstractEntityManagerFactoryBean.translateExceptionIfPossible(AbstractEntityManagerFactoryBean.java:417) ~[spring-orm-4.0.0.RELEASE.jar:4.0.0.RELEASE]
	at org.springframework.dao.support.ChainedPersistenceExceptionTranslator.translateExceptionIfPossible(ChainedPersistenceExceptionTranslator.java:59) ~[spring-tx-4.0.0.RELEASE.jar:4.0.0.RELEASE]
	at org.springframework.dao.support.DataAccessUtils.translateIfNecessary(DataAccessUtils.java:213) ~[spring-tx-4.0.0.RELEASE.jar:4.0.0.RELEASE]
	at org.springframework.dao.support.PersistenceExceptionTranslationInterceptor.invoke(PersistenceExceptionTranslationInterceptor.java:147) ~[spring-tx-4.0.0.RELEASE.jar:4.0.0.RELEASE]
	at org.springframework.aop.framework.ReflectiveMethodInvocation.proceed(ReflectiveMethodInvocation.java:179) ~[spring-aop-4.0.0.RELEASE.jar:4.0.0.RELEASE]
	at org.springframework.data.jpa.repository.support.LockModeRepositoryPostProcessor$LockModePopulatingMethodIntercceptor.invoke(LockModeRepositoryPostProcessor.java:92) ~[spring-data-jpa-1.4.2.RELEASE.jar:na]
	at org.springframework.aop.framework.ReflectiveMethodInvocation.proceed(ReflectiveMethodInvocation.java:179) ~[spring-aop-4.0.0.RELEASE.jar:4.0.0.RELEASE]
	at org.springframework.aop.interceptor.ExposeInvocationInterceptor.invoke(ExposeInvocationInterceptor.java:92) ~[spring-aop-4.0.0.RELEASE.jar:4.0.0.RELEASE]
	at org.springframework.aop.framework.ReflectiveMethodInvocation.proceed(ReflectiveMethodInvocation.java:179) ~[spring-aop-4.0.0.RELEASE.jar:4.0.0.RELEASE]
	at org.springframework.aop.framework.JdkDynamicAopProxy.invoke(JdkDynamicAopProxy.java:207) ~[spring-aop-4.0.0.RELEASE.jar:4.0.0.RELEASE]
	at $Proxy50.getUndiagnoseByDocid(Unknown Source) ~[na:na]
	at org.springside.examples.quickstart.service.record.RecordsResultService.getUndiagnoseByDocid(RecordsResultService.java:20) ~[classes/:na]
	at org.springside.examples.quickstart.service.record.RecordsResultService$$FastClassByCGLIB$$c1f31046.invoke(<generated>) ~[spring-core-4.0.0.RELEASE.jar:na]
	at org.springframework.cglib.proxy.MethodProxy.invoke(MethodProxy.java:204) ~[spring-core-4.0.0.RELEASE.jar:4.0.0.RELEASE]
	at org.springframework.aop.framework.CglibAopProxy$CglibMethodInvocation.invokeJoinpoint(CglibAopProxy.java:713) ~[spring-aop-4.0.0.RELEASE.jar:4.0.0.RELEASE]
	at org.springframework.aop.framework.ReflectiveMethodInvocation.proceed(ReflectiveMethodInvocation.java:157) ~[spring-aop-4.0.0.RELEASE.jar:4.0.0.RELEASE]
	at org.springframework.transaction.interceptor.TransactionInterceptor$1.proceedWithInvocation(TransactionInterceptor.java:98) ~[spring-tx-4.0.0.RELEASE.jar:4.0.0.RELEASE]
	at org.springframework.transaction.interceptor.TransactionAspectSupport.invokeWithinTransaction(TransactionAspectSupport.java:262) ~[spring-tx-4.0.0.RELEASE.jar:4.0.0.RELEASE]
	at org.springframework.transaction.interceptor.TransactionInterceptor.invoke(TransactionInterceptor.java:95) ~[spring-tx-4.0.0.RELEASE.jar:4.0.0.RELEASE]
	at org.springframework.aop.framework.ReflectiveMethodInvocation.proceed(ReflectiveMethodInvocation.java:179) ~[spring-aop-4.0.0.RELEASE.jar:4.0.0.RELEASE]
	at org.springframework.aop.framework.CglibAopProxy$DynamicAdvisedInterceptor.intercept(CglibAopProxy.java:646) ~[spring-aop-4.0.0.RELEASE.jar:4.0.0.RELEASE]
	at org.springside.examples.quickstart.service.record.RecordsResultService$$EnhancerByCGLIB$$6e271fe0.getUndiagnoseByDocid(<generated>) ~[spring-core-4.0.0.RELEASE.jar:na]
	at org.springside.examples.quickstart.web.doctor.DoctorController.showList(DoctorController.java:51) ~[classes/:na]
	at sun.reflect.NativeMethodAccessorImpl.invoke0(Native Method) ~[na:1.6.0_23]
	at sun.reflect.NativeMethodAccessorImpl.invoke(NativeMethodAccessorImpl.java:39) ~[na:1.6.0_23]
	at sun.reflect.DelegatingMethodAccessorImpl.invoke(DelegatingMethodAccessorImpl.java:25) ~[na:1.6.0_23]
	at java.lang.reflect.Method.invoke(Method.java:597) ~[na:1.6.0_23]
	at org.springframework.web.method.support.InvocableHandlerMethod.invoke(InvocableHandlerMethod.java:214) ~[spring-web-4.0.0.RELEASE.jar:4.0.0.RELEASE]
	at org.springframework.web.method.support.InvocableHandlerMethod.invokeForRequest(InvocableHandlerMethod.java:132) ~[spring-web-4.0.0.RELEASE.jar:4.0.0.RELEASE]
	at org.springframework.web.servlet.mvc.method.annotation.ServletInvocableHandlerMethod.invokeAndHandle(ServletInvocableHandlerMethod.java:104) ~[spring-webmvc-4.0.0.RELEASE.jar:4.0.0.RELEASE]
	at org.springframework.web.servlet.mvc.method.annotation.RequestMappingHandlerAdapter.invokeHandleMethod(RequestMappingHandlerAdapter.java:748) ~[spring-webmvc-4.0.0.RELEASE.jar:4.0.0.RELEASE]
	at org.springframework.web.servlet.mvc.method.annotation.RequestMappingHandlerAdapter.handleInternal(RequestMappingHandlerAdapter.java:689) ~[spring-webmvc-4.0.0.RELEASE.jar:4.0.0.RELEASE]
	at org.springframework.web.servlet.mvc.method.AbstractHandlerMethodAdapter.handle(AbstractHandlerMethodAdapter.java:83) ~[spring-webmvc-4.0.0.RELEASE.jar:4.0.0.RELEASE]
	at org.springframework.web.servlet.DispatcherServlet.doDispatch(DispatcherServlet.java:945) [spring-webmvc-4.0.0.RELEASE.jar:4.0.0.RELEASE]
	at org.springframework.web.servlet.DispatcherServlet.doService(DispatcherServlet.java:876) [spring-webmvc-4.0.0.RELEASE.jar:4.0.0.RELEASE]
	at org.springframework.web.servlet.FrameworkServlet.processRequest(FrameworkServlet.java:931) [spring-webmvc-4.0.0.RELEASE.jar:4.0.0.RELEASE]
	at org.springframework.web.servlet.FrameworkServlet.doGet(FrameworkServlet.java:822) [spring-webmvc-4.0.0.RELEASE.jar:4.0.0.RELEASE]
	at javax.servlet.http.HttpServlet.service(HttpServlet.java:668) [javax.servlet-api-3.0.1.jar:3.0.1]
	at org.springframework.web.servlet.FrameworkServlet.service(FrameworkServlet.java:807) [spring-webmvc-4.0.0.RELEASE.jar:4.0.0.RELEASE]
	at javax.servlet.http.HttpServlet.service(HttpServlet.java:770) [javax.servlet-api-3.0.1.jar:3.0.1]
	at org.eclipse.jetty.servlet.ServletHolder.handle(ServletHolder.java:652) [jetty-webapp-7.6.14.v20131031.jar:7.6.14.v20131031]
	at org.eclipse.jetty.servlet.ServletHandler$CachedChain.doFilter(ServletHandler.java:1317) [jetty-webapp-7.6.14.v20131031.jar:7.6.14.v20131031]
	at com.opensymphony.sitemesh.webapp.SiteMeshFilter.obtainContent(SiteMeshFilter.java:129) [sitemesh-2.4.2.jar:na]
	at com.opensymphony.sitemesh.webapp.SiteMeshFilter.doFilter(SiteMeshFilter.java:77) [sitemesh-2.4.2.jar:na]
	at org.eclipse.jetty.servlet.ServletHandler$CachedChain.doFilter(ServletHandler.java:1288) [jetty-webapp-7.6.14.v20131031.jar:7.6.14.v20131031]
	at org.apache.shiro.web.servlet.ProxiedFilterChain.doFilter(ProxiedFilterChain.java:61) [shiro-web-1.2.2.jar:1.2.2]
	at org.apache.shiro.web.servlet.AdviceFilter.executeChain(AdviceFilter.java:108) [shiro-web-1.2.2.jar:1.2.2]
	at org.apache.shiro.web.servlet.AdviceFilter.doFilterInternal(AdviceFilter.java:137) [shiro-web-1.2.2.jar:1.2.2]
	at org.apache.shiro.web.servlet.OncePerRequestFilter.doFilter(OncePerRequestFilter.java:125) [shiro-web-1.2.2.jar:1.2.2]
	at org.apache.shiro.web.servlet.ProxiedFilterChain.doFilter(ProxiedFilterChain.java:66) [shiro-web-1.2.2.jar:1.2.2]
	at org.apache.shiro.web.servlet.AbstractShiroFilter.executeChain(AbstractShiroFilter.java:449) [shiro-web-1.2.2.jar:1.2.2]
	at org.apache.shiro.web.servlet.AbstractShiroFilter$1.call(AbstractShiroFilter.java:365) [shiro-web-1.2.2.jar:1.2.2]
	at org.apache.shiro.subject.support.SubjectCallable.doCall(SubjectCallable.java:90) [shiro-core-1.2.2.jar:1.2.2]
	at org.apache.shiro.subject.support.SubjectCallable.call(SubjectCallable.java:83) [shiro-core-1.2.2.jar:1.2.2]
	at org.apache.shiro.subject.support.DelegatingSubject.execute(DelegatingSubject.java:383) [shiro-core-1.2.2.jar:1.2.2]
	at org.apache.shiro.web.servlet.AbstractShiroFilter.doFilterInternal(AbstractShiroFilter.java:362) [shiro-web-1.2.2.jar:1.2.2]
	at org.apache.shiro.web.servlet.OncePerRequestFilter.doFilter(OncePerRequestFilter.java:125) [shiro-web-1.2.2.jar:1.2.2]
	at org.springframework.web.filter.DelegatingFilterProxy.invokeDelegate(DelegatingFilterProxy.java:344) [spring-web-4.0.0.RELEASE.jar:4.0.0.RELEASE]
	at org.springframework.web.filter.DelegatingFilterProxy.doFilter(DelegatingFilterProxy.java:261) [spring-web-4.0.0.RELEASE.jar:4.0.0.RELEASE]
	at org.eclipse.jetty.servlet.ServletHandler$CachedChain.doFilter(ServletHandler.java:1288) [jetty-webapp-7.6.14.v20131031.jar:7.6.14.v20131031]
	at org.springframework.orm.jpa.support.OpenEntityManagerInViewFilter.doFilterInternal(OpenEntityManagerInViewFilter.java:177) [spring-orm-4.0.0.RELEASE.jar:4.0.0.RELEASE]
	at org.springframework.web.filter.OncePerRequestFilter.doFilter(OncePerRequestFilter.java:108) [spring-web-4.0.0.RELEASE.jar:4.0.0.RELEASE]
	at org.eclipse.jetty.servlet.ServletHandler$CachedChain.doFilter(ServletHandler.java:1288) [jetty-webapp-7.6.14.v20131031.jar:7.6.14.v20131031]
	at org.springframework.web.filter.CharacterEncodingFilter.doFilterInternal(CharacterEncodingFilter.java:88) [spring-web-4.0.0.RELEASE.jar:4.0.0.RELEASE]
	at org.springframework.web.filter.OncePerRequestFilter.doFilter(OncePerRequestFilter.java:108) [spring-web-4.0.0.RELEASE.jar:4.0.0.RELEASE]
	at org.eclipse.jetty.servlet.ServletHandler$CachedChain.doFilter(ServletHandler.java:1288) [jetty-webapp-7.6.14.v20131031.jar:7.6.14.v20131031]
	at org.eclipse.jetty.servlet.ServletHandler.doHandle(ServletHandler.java:443) [jetty-webapp-7.6.14.v20131031.jar:7.6.14.v20131031]
	at org.eclipse.jetty.server.handler.ScopedHandler.handle(ScopedHandler.java:137) [jetty-webapp-7.6.14.v20131031.jar:7.6.14.v20131031]
	at org.eclipse.jetty.security.SecurityHandler.handle(SecurityHandler.java:556) [jetty-webapp-7.6.14.v20131031.jar:7.6.14.v20131031]
	at org.eclipse.jetty.server.session.SessionHandler.doHandle(SessionHandler.java:227) [jetty-webapp-7.6.14.v20131031.jar:7.6.14.v20131031]
	at org.eclipse.jetty.server.handler.ContextHandler.doHandle(ContextHandler.java:1044) [jetty-webapp-7.6.14.v20131031.jar:7.6.14.v20131031]
	at org.eclipse.jetty.servlet.ServletHandler.doScope(ServletHandler.java:372) [jetty-webapp-7.6.14.v20131031.jar:7.6.14.v20131031]
	at org.eclipse.jetty.server.session.SessionHandler.doScope(SessionHandler.java:189) [jetty-webapp-7.6.14.v20131031.jar:7.6.14.v20131031]
	at org.eclipse.jetty.server.handler.ContextHandler.doScope(ContextHandler.java:978) [jetty-webapp-7.6.14.v20131031.jar:7.6.14.v20131031]
	at org.eclipse.jetty.server.handler.ScopedHandler.handle(ScopedHandler.java:135) [jetty-webapp-7.6.14.v20131031.jar:7.6.14.v20131031]
	at org.eclipse.jetty.server.handler.HandlerWrapper.handle(HandlerWrapper.java:116) [jetty-webapp-7.6.14.v20131031.jar:7.6.14.v20131031]
	at org.eclipse.jetty.server.Server.handle(Server.java:369) [jetty-webapp-7.6.14.v20131031.jar:7.6.14.v20131031]
	at org.eclipse.jetty.server.AbstractHttpConnection.handleRequest(AbstractHttpConnection.java:486) [jetty-webapp-7.6.14.v20131031.jar:7.6.14.v20131031]
	at org.eclipse.jetty.server.AbstractHttpConnection.headerComplete(AbstractHttpConnection.java:933) [jetty-webapp-7.6.14.v20131031.jar:7.6.14.v20131031]
	at org.eclipse.jetty.server.AbstractHttpConnection$RequestHandler.headerComplete(AbstractHttpConnection.java:995) [jetty-webapp-7.6.14.v20131031.jar:7.6.14.v20131031]
	at org.eclipse.jetty.http.HttpParser.parseNext(HttpParser.java:644) [jetty-webapp-7.6.14.v20131031.jar:7.6.14.v20131031]
	at org.eclipse.jetty.http.HttpParser.parseAvailable(HttpParser.java:235) [jetty-webapp-7.6.14.v20131031.jar:7.6.14.v20131031]
	at org.eclipse.jetty.server.AsyncHttpConnection.handle(AsyncHttpConnection.java:82) [jetty-webapp-7.6.14.v20131031.jar:7.6.14.v20131031]
	at org.eclipse.jetty.io.nio.SelectChannelEndPoint.handle(SelectChannelEndPoint.java:667) [jetty-webapp-7.6.14.v20131031.jar:7.6.14.v20131031]
	at org.eclipse.jetty.io.nio.SelectChannelEndPoint$1.run(SelectChannelEndPoint.java:52) [jetty-webapp-7.6.14.v20131031.jar:7.6.14.v20131031]
	at org.eclipse.jetty.util.thread.QueuedThreadPool.runJob(QueuedThreadPool.java:608) [jetty-webapp-7.6.14.v20131031.jar:7.6.14.v20131031]
	at org.eclipse.jetty.util.thread.QueuedThreadPool$3.run(QueuedThreadPool.java:543) [jetty-webapp-7.6.14.v20131031.jar:7.6.14.v20131031]
	at java.lang.Thread.run(Thread.java:662) [na:1.6.0_23]
Caused by: org.hibernate.exception.SQLGrammarException: could not extract ResultSet
	at org.hibernate.exception.internal.SQLExceptionTypeDelegate.convert(SQLExceptionTypeDelegate.java:80) ~[hibernate-core-4.3.1.Final.jar:4.3.1.Final]
	at org.hibernate.exception.internal.StandardSQLExceptionConverter.convert(StandardSQLExceptionConverter.java:49) ~[hibernate-core-4.3.1.Final.jar:4.3.1.Final]
	at org.hibernate.engine.jdbc.spi.SqlExceptionHelper.convert(SqlExceptionHelper.java:126) ~[hibernate-core-4.3.1.Final.jar:4.3.1.Final]
	at org.hibernate.engine.jdbc.spi.SqlExceptionHelper.convert(SqlExceptionHelper.java:112) ~[hibernate-core-4.3.1.Final.jar:4.3.1.Final]
	at org.hibernate.engine.jdbc.internal.ResultSetReturnImpl.extract(ResultSetReturnImpl.java:89) ~[hibernate-core-4.3.1.Final.jar:4.3.1.Final]
	at org.hibernate.loader.Loader.getResultSet(Loader.java:2065) ~[hibernate-core-4.3.1.Final.jar:4.3.1.Final]
	at org.hibernate.loader.Loader.executeQueryStatement(Loader.java:1862) ~[hibernate-core-4.3.1.Final.jar:4.3.1.Final]
	at org.hibernate.loader.Loader.executeQueryStatement(Loader.java:1838) ~[hibernate-core-4.3.1.Final.jar:4.3.1.Final]
	at org.hibernate.loader.Loader.doQuery(Loader.java:909) ~[hibernate-core-4.3.1.Final.jar:4.3.1.Final]
	at org.hibernate.loader.Loader.doQueryAndInitializeNonLazyCollections(Loader.java:354) ~[hibernate-core-4.3.1.Final.jar:4.3.1.Final]
	at org.hibernate.loader.Loader.doList(Loader.java:2551) ~[hibernate-core-4.3.1.Final.jar:4.3.1.Final]
	at org.hibernate.loader.Loader.doList(Loader.java:2537) ~[hibernate-core-4.3.1.Final.jar:4.3.1.Final]
	at org.hibernate.loader.Loader.listIgnoreQueryCache(Loader.java:2367) ~[hibernate-core-4.3.1.Final.jar:4.3.1.Final]
	at org.hibernate.loader.Loader.list(Loader.java:2362) ~[hibernate-core-4.3.1.Final.jar:4.3.1.Final]
	at org.hibernate.loader.hql.QueryLoader.list(QueryLoader.java:496) ~[hibernate-core-4.3.1.Final.jar:4.3.1.Final]
	at org.hibernate.hql.internal.ast.QueryTranslatorImpl.list(QueryTranslatorImpl.java:387) ~[hibernate-core-4.3.1.Final.jar:4.3.1.Final]
	at org.hibernate.engine.query.spi.HQLQueryPlan.performList(HQLQueryPlan.java:229) ~[hibernate-core-4.3.1.Final.jar:4.3.1.Final]
	at org.hibernate.internal.SessionImpl.list(SessionImpl.java:1260) ~[hibernate-core-4.3.1.Final.jar:4.3.1.Final]
	at org.hibernate.internal.QueryImpl.list(QueryImpl.java:103) ~[hibernate-core-4.3.1.Final.jar:4.3.1.Final]
	at org.hibernate.jpa.internal.QueryImpl.list(QueryImpl.java:573) ~[hibernate-entitymanager-4.3.1.Final.jar:4.3.1.Final]
	at org.hibernate.jpa.internal.QueryImpl.getResultList(QueryImpl.java:449) ~[hibernate-entitymanager-4.3.1.Final.jar:4.3.1.Final]
	at org.springframework.data.jpa.repository.query.JpaQueryExecution$CollectionExecution.doExecute(JpaQueryExecution.java:96) ~[spring-data-jpa-1.4.2.RELEASE.jar:na]
	at org.springframework.data.jpa.repository.query.JpaQueryExecution.execute(JpaQueryExecution.java:61) ~[spring-data-jpa-1.4.2.RELEASE.jar:na]
	at org.springframework.data.jpa.repository.query.AbstractJpaQuery.doExecute(AbstractJpaQuery.java:95) ~[spring-data-jpa-1.4.2.RELEASE.jar:na]
	at org.springframework.data.jpa.repository.query.AbstractJpaQuery.execute(AbstractJpaQuery.java:85) ~[spring-data-jpa-1.4.2.RELEASE.jar:na]
	at org.springframework.data.repository.core.support.RepositoryFactorySupport$QueryExecutorMethodInterceptor.invoke(RepositoryFactorySupport.java:323) ~[spring-data-commons-1.6.2.RELEASE.jar:na]
	at org.springframework.aop.framework.ReflectiveMethodInvocation.proceed(ReflectiveMethodInvocation.java:179) ~[spring-aop-4.0.0.RELEASE.jar:4.0.0.RELEASE]
	at org.springframework.transaction.interceptor.TransactionInterceptor$1.proceedWithInvocation(TransactionInterceptor.java:98) ~[spring-tx-4.0.0.RELEASE.jar:4.0.0.RELEASE]
	at org.springframework.transaction.interceptor.TransactionAspectSupport.invokeWithinTransaction(TransactionAspectSupport.java:262) ~[spring-tx-4.0.0.RELEASE.jar:4.0.0.RELEASE]
	at org.springframework.transaction.interceptor.TransactionInterceptor.invoke(TransactionInterceptor.java:95) ~[spring-tx-4.0.0.RELEASE.jar:4.0.0.RELEASE]
	at org.springframework.aop.framework.ReflectiveMethodInvocation.proceed(ReflectiveMethodInvocation.java:179) ~[spring-aop-4.0.0.RELEASE.jar:4.0.0.RELEASE]
	at org.springframework.dao.support.PersistenceExceptionTranslationInterceptor.invoke(PersistenceExceptionTranslationInterceptor.java:136) ~[spring-tx-4.0.0.RELEASE.jar:4.0.0.RELEASE]
	... 84 common frames omitted
Caused by: com.mysql.jdbc.exceptions.jdbc4.MySQLSyntaxErrorException: Unknown column 'recordsres0_.customer_id' in 'field list'
	at sun.reflect.NativeConstructorAccessorImpl.newInstance0(Native Method) ~[na:1.6.0_23]
	at sun.reflect.NativeConstructorAccessorImpl.newInstance(NativeConstructorAccessorImpl.java:39) ~[na:1.6.0_23]
	at sun.reflect.DelegatingConstructorAccessorImpl.newInstance(DelegatingConstructorAccessorImpl.java:27) ~[na:1.6.0_23]
	at java.lang.reflect.Constructor.newInstance(Constructor.java:513) ~[na:1.6.0_23]
	at com.mysql.jdbc.Util.handleNewInstance(Util.java:411) ~[mysql-connector-java-5.1.22.jar:na]
	at com.mysql.jdbc.Util.getInstance(Util.java:386) ~[mysql-connector-java-5.1.22.jar:na]
	at com.mysql.jdbc.SQLError.createSQLException(SQLError.java:1053) ~[mysql-connector-java-5.1.22.jar:na]
	at com.mysql.jdbc.MysqlIO.checkErrorPacket(MysqlIO.java:4096) ~[mysql-connector-java-5.1.22.jar:na]
	at com.mysql.jdbc.MysqlIO.checkErrorPacket(MysqlIO.java:4028) ~[mysql-connector-java-5.1.22.jar:na]
	at com.mysql.jdbc.MysqlIO.sendCommand(MysqlIO.java:2490) ~[mysql-connector-java-5.1.22.jar:na]
	at com.mysql.jdbc.MysqlIO.sqlQueryDirect(MysqlIO.java:2651) ~[mysql-connector-java-5.1.22.jar:na]
	at com.mysql.jdbc.ConnectionImpl.execSQL(ConnectionImpl.java:2734) ~[mysql-connector-java-5.1.22.jar:na]
	at com.mysql.jdbc.PreparedStatement.executeInternal(PreparedStatement.java:2155) ~[mysql-connector-java-5.1.22.jar:na]
	at com.mysql.jdbc.PreparedStatement.executeQuery(PreparedStatement.java:2322) ~[mysql-connector-java-5.1.22.jar:na]
	at org.hibernate.engine.jdbc.internal.ResultSetReturnImpl.extract(ResultSetReturnImpl.java:80) ~[hibernate-core-4.3.1.Final.jar:4.3.1.Final]
	... 111 common frames omitted
